This is pdfTeX, Version 3.141592653-2.6-1.40.26 (MiKTeX 24.4) (preloaded format=pdflatex 2024.10.28)  3 NOV 2024 22:48
entering extended mode
 restricted \write18 enabled.
 %&-line parsing enabled.
**./ReplicationProjectTemplate.tex
(ReplicationProjectTemplate.tex
LaTeX2e <2024-06-01> patch level 2
L3 programming layer <2024-10-09>
(C:\Users\DanYu\AppData\Local\Programs\MiKTeX\tex/latex/base\article.cls
Document Class: article 2024/02/08 v1.4n Standard LaTeX document class
(C:\Users\DanYu\AppData\Local\Programs\MiKTeX\tex/latex/base\size10.clo
File: size10.clo 2024/02/08 v1.4n Standard LaTeX file (size option)
)
\c@part=\count194
\c@section=\count195
\c@subsection=\count196
\c@subsubsection=\count197
\c@paragraph=\count198
\c@subparagraph=\count199
\c@figure=\count266
\c@table=\count267
\abovecaptionskip=\skip49
\belowcaptionskip=\skip50
\bibindent=\dimen141
)
(arxiv.sty
(C:\Users\DanYu\AppData\Local\Programs\MiKTeX\tex/latex/geometry\geometry.sty
Package: geometry 2020/01/02 v5.9 Page Geometry

(C:\Users\DanYu\AppData\Local\Programs\MiKTeX\tex/latex/graphics\keyval.sty
Package: keyval 2022/05/29 v1.15 key=value parser (DPC)
\KV@toks@=\toks17
)
(C:\Users\DanYu\AppData\Local\Programs\MiKTeX\tex/generic/iftex\ifvtex.sty
Package: ifvtex 2019/10/25 v1.7 ifvtex legacy package. Use iftex instead.

(C:\Users\DanYu\AppData\Local\Programs\MiKTeX\tex/generic/iftex\iftex.sty
Package: iftex 2022/02/03 v1.0f TeX engine tests
))
\Gm@cnth=\count268
\Gm@cntv=\count269
\c@Gm@tempcnt=\count270
\Gm@bindingoffset=\dimen142
\Gm@wd@mp=\dimen143
\Gm@odd@mp=\dimen144
\Gm@even@mp=\dimen145
\Gm@layoutwidth=\dimen146
\Gm@layoutheight=\dimen147
\Gm@layouthoffset=\dimen148
\Gm@layoutvoffset=\dimen149
\Gm@dimlist=\toks18

(C:\Users\DanYu\AppData\Local\Programs\MiKTeX\tex/latex/geometry\geometry.cfg))
(C:\Users\DanYu\AppData\Local\Programs\MiKTeX\tex/latex/fancyhdr\fancyhdr.sty
Package: fancyhdr 2024/07/23 v4.3.1 Extensive control of page headers and foote
rs
\f@nch@headwidth=\skip51
\f@nch@O@elh=\skip52
\f@nch@O@erh=\skip53
\f@nch@O@olh=\skip54
\f@nch@O@orh=\skip55
\f@nch@O@elf=\skip56
\f@nch@O@erf=\skip57
\f@nch@O@olf=\skip58
\f@nch@O@orf=\skip59
)
\@abovecaptionskip=\skip60
\@belowcaptionskip=\skip61
) (C:\Users\DanYu\AppData\Local\Programs\MiKTeX\tex/latex/base\inputenc.sty
Package: inputenc 2024/02/08 v1.3d Input encoding file
\inpenc@prehook=\toks19
\inpenc@posthook=\toks20
)
(C:\Users\DanYu\AppData\Local\Programs\MiKTeX\tex/latex/base\fontenc.sty
Package: fontenc 2021/04/29 v2.0v Standard LaTeX package
LaTeX Font Info:    Trying to load font information for T1+ptm on input line 11
6.

(C:\Users\DanYu\AppData\Local\Programs\MiKTeX\tex/latex/psnfss\t1ptm.fd
File: t1ptm.fd 2001/06/04 font definitions for T1/ptm.
))
(C:\Users\DanYu\AppData\Local\Programs\MiKTeX\tex/latex/lm\lmodern.sty
Package: lmodern 2015/05/01 v1.6.1 Latin Modern Fonts
LaTeX Font Info:    Overwriting symbol font `operators' in version `normal'
(Font)                  OT1/cmr/m/n --> OT1/lmr/m/n on input line 22.
LaTeX Font Info:    Overwriting symbol font `letters' in version `normal'
(Font)                  OML/cmm/m/it --> OML/lmm/m/it on input line 23.
LaTeX Font Info:    Overwriting symbol font `symbols' in version `normal'
(Font)                  OMS/cmsy/m/n --> OMS/lmsy/m/n on input line 24.
LaTeX Font Info:    Overwriting symbol font `largesymbols' in version `normal'
(Font)                  OMX/cmex/m/n --> OMX/lmex/m/n on input line 25.
LaTeX Font Info:    Overwriting symbol font `operators' in version `bold'
(Font)                  OT1/cmr/bx/n --> OT1/lmr/bx/n on input line 26.
LaTeX Font Info:    Overwriting symbol font `letters' in version `bold'
(Font)                  OML/cmm/b/it --> OML/lmm/b/it on input line 27.
LaTeX Font Info:    Overwriting symbol font `symbols' in version `bold'
(Font)                  OMS/cmsy/b/n --> OMS/lmsy/b/n on input line 28.
LaTeX Font Info:    Overwriting symbol font `largesymbols' in version `bold'
(Font)                  OMX/cmex/m/n --> OMX/lmex/m/n on input line 29.
LaTeX Font Info:    Overwriting math alphabet `\mathbf' in version `normal'
(Font)                  OT1/cmr/bx/n --> OT1/lmr/bx/n on input line 31.
LaTeX Font Info:    Overwriting math alphabet `\mathsf' in version `normal'
(Font)                  OT1/cmss/m/n --> OT1/lmss/m/n on input line 32.
LaTeX Font Info:    Overwriting math alphabet `\mathit' in version `normal'
(Font)                  OT1/cmr/m/it --> OT1/lmr/m/it on input line 33.
LaTeX Font Info:    Overwriting math alphabet `\mathtt' in version `normal'
(Font)                  OT1/cmtt/m/n --> OT1/lmtt/m/n on input line 34.
LaTeX Font Info:    Overwriting math alphabet `\mathbf' in version `bold'
(Font)                  OT1/cmr/bx/n --> OT1/lmr/bx/n on input line 35.
LaTeX Font Info:    Overwriting math alphabet `\mathsf' in version `bold'
(Font)                  OT1/cmss/bx/n --> OT1/lmss/bx/n on input line 36.
LaTeX Font Info:    Overwriting math alphabet `\mathit' in version `bold'
(Font)                  OT1/cmr/bx/it --> OT1/lmr/bx/it on input line 37.
LaTeX Font Info:    Overwriting math alphabet `\mathtt' in version `bold'
(Font)                  OT1/cmtt/m/n --> OT1/lmtt/m/n on input line 38.
)
(C:\Users\DanYu\AppData\Local\Programs\MiKTeX\tex/latex/hyperref\hyperref.sty
Package: hyperref 2024-07-10 v7.01j Hypertext links for LaTeX

(C:\Users\DanYu\AppData\Local\Programs\MiKTeX\tex/latex/kvsetkeys\kvsetkeys.sty
Package: kvsetkeys 2022-10-05 v1.19 Key value parser (HO)
)
(C:\Users\DanYu\AppData\Local\Programs\MiKTeX\tex/generic/kvdefinekeys\kvdefine
keys.sty
Package: kvdefinekeys 2019-12-19 v1.6 Define keys (HO)
)
(C:\Users\DanYu\AppData\Local\Programs\MiKTeX\tex/generic/pdfescape\pdfescape.s
ty
Package: pdfescape 2019/12/09 v1.15 Implements pdfTeX's escape features (HO)

(C:\Users\DanYu\AppData\Local\Programs\MiKTeX\tex/generic/ltxcmds\ltxcmds.sty
Package: ltxcmds 2023-12-04 v1.26 LaTeX kernel commands for general use (HO)
)
(C:\Users\DanYu\AppData\Local\Programs\MiKTeX\tex/generic/pdftexcmds\pdftexcmds
.sty
Package: pdftexcmds 2020-06-27 v0.33 Utility functions of pdfTeX for LuaTeX (HO
)

(C:\Users\DanYu\AppData\Local\Programs\MiKTeX\tex/generic/infwarerr\infwarerr.s
ty
Package: infwarerr 2019/12/03 v1.5 Providing info/warning/error messages (HO)
)
Package pdftexcmds Info: \pdf@primitive is available.
Package pdftexcmds Info: \pdf@ifprimitive is available.
Package pdftexcmds Info: \pdfdraftmode found.
))
(C:\Users\DanYu\AppData\Local\Programs\MiKTeX\tex/latex/hycolor\hycolor.sty
Package: hycolor 2020-01-27 v1.10 Color options for hyperref/bookmark (HO)
)
(C:\Users\DanYu\AppData\Local\Programs\MiKTeX\tex/latex/hyperref\nameref.sty
Package: nameref 2023-11-26 v2.56 Cross-referencing by name of section

(C:\Users\DanYu\AppData\Local\Programs\MiKTeX\tex/latex/refcount\refcount.sty
Package: refcount 2019/12/15 v3.6 Data extraction from label references (HO)
)
(C:\Users\DanYu\AppData\Local\Programs\MiKTeX\tex/generic/gettitlestring\gettit
lestring.sty
Package: gettitlestring 2019/12/15 v1.6 Cleanup title references (HO)

(C:\Users\DanYu\AppData\Local\Programs\MiKTeX\tex/latex/kvoptions\kvoptions.sty
Package: kvoptions 2022-06-15 v3.15 Key value format for package options (HO)
))
\c@section@level=\count271
)
(C:\Users\DanYu\AppData\Local\Programs\MiKTeX\tex/latex/etoolbox\etoolbox.sty
Package: etoolbox 2020/10/05 v2.5k e-TeX tools for LaTeX (JAW)
\etb@tempcnta=\count272
)
(C:\Users\DanYu\AppData\Local\Programs\MiKTeX\tex/generic/stringenc\stringenc.s
ty
Package: stringenc 2019/11/29 v1.12 Convert strings between diff. encodings (HO
)
)
\@linkdim=\dimen150
\Hy@linkcounter=\count273
\Hy@pagecounter=\count274
 (C:\Users\DanYu\AppData\Local\Programs\MiKTeX\tex/latex/hyperref\pd1enc.def
File: pd1enc.def 2024-07-10 v7.01j Hyperref: PDFDocEncoding definition (HO)
Now handling font encoding PD1 ...
... no UTF-8 mapping file for font encoding PD1
) (C:\Users\DanYu\AppData\Local\Programs\MiKTeX\tex/generic/intcalc\intcalc.sty
Package: intcalc 2019/12/15 v1.3 Expandable calculations with integers (HO)
)
\Hy@SavedSpaceFactor=\count275
 (C:\Users\DanYu\AppData\Local\Programs\MiKTeX\tex/latex/hyperref\puenc.def
File: puenc.def 2024-07-10 v7.01j Hyperref: PDF Unicode definition (HO)
Now handling font encoding PU ...
... no UTF-8 mapping file for font encoding PU
)
Package hyperref Info: Hyper figures OFF on input line 4157.
Package hyperref Info: Link nesting OFF on input line 4162.
Package hyperref Info: Hyper index ON on input line 4165.
Package hyperref Info: Plain pages OFF on input line 4172.
Package hyperref Info: Backreferencing OFF on input line 4177.
Package hyperref Info: Implicit mode ON; LaTeX internals redefined.
Package hyperref Info: Bookmarks ON on input line 4424.
\c@Hy@tempcnt=\count276

(C:\Users\DanYu\AppData\Local\Programs\MiKTeX\tex/latex/url\url.sty
\Urlmuskip=\muskip17
Package: url 2013/09/16  ver 3.4  Verb mode for urls, etc.
)
LaTeX Info: Redefining \url on input line 4763.
\XeTeXLinkMargin=\dimen151

(C:\Users\DanYu\AppData\Local\Programs\MiKTeX\tex/generic/bitset\bitset.sty
Package: bitset 2019/12/09 v1.3 Handle bit-vector datatype (HO)

(C:\Users\DanYu\AppData\Local\Programs\MiKTeX\tex/generic/bigintcalc\bigintcalc
.sty
Package: bigintcalc 2019/12/15 v1.5 Expandable calculations on big integers (HO
)
))
\Fld@menulength=\count277
\Field@Width=\dimen152
\Fld@charsize=\dimen153
Package hyperref Info: Hyper figures OFF on input line 6042.
Package hyperref Info: Link nesting OFF on input line 6047.
Package hyperref Info: Hyper index ON on input line 6050.
Package hyperref Info: backreferencing OFF on input line 6057.
Package hyperref Info: Link coloring OFF on input line 6062.
Package hyperref Info: Link coloring with OCG OFF on input line 6067.
Package hyperref Info: PDF/A mode OFF on input line 6072.

(C:\Users\DanYu\AppData\Local\Programs\MiKTeX\tex/latex/base\atbegshi-ltx.sty
Package: atbegshi-ltx 2021/01/10 v1.0c Emulation of the original atbegshi
package with kernel methods
)
\Hy@abspage=\count278
\c@Item=\count279
\c@Hfootnote=\count280
)
Package hyperref Info: Driver (autodetected): hpdftex.
(C:\Users\DanYu\AppData\Local\Programs\MiKTeX\tex/latex/hyperref\hpdftex.def
File: hpdftex.def 2024-07-10 v7.01j Hyperref driver for pdfTeX

(C:\Users\DanYu\AppData\Local\Programs\MiKTeX\tex/latex/base\atveryend-ltx.sty
Package: atveryend-ltx 2020/08/19 v1.0a Emulation of the original atveryend pac
kage
with kernel methods
)
\Fld@listcount=\count281
\c@bookmark@seq@number=\count282

(C:\Users\DanYu\AppData\Local\Programs\MiKTeX\tex/latex/rerunfilecheck\rerunfil
echeck.sty
Package: rerunfilecheck 2022-07-10 v1.10 Rerun checks for auxiliary files (HO)

(C:\Users\DanYu\AppData\Local\Programs\MiKTeX\tex/generic/uniquecounter\uniquec
ounter.sty
Package: uniquecounter 2019/12/15 v1.4 Provide unlimited unique counter (HO)
)
Package uniquecounter Info: New unique counter `rerunfilecheck' on input line 2
85.
)
\Hy@SectionHShift=\skip62
)
(C:\Users\DanYu\AppData\Local\Programs\MiKTeX\tex/latex/booktabs\booktabs.sty
Package: booktabs 2020/01/12 v1.61803398 Publication quality tables
\heavyrulewidth=\dimen154
\lightrulewidth=\dimen155
\cmidrulewidth=\dimen156
\belowrulesep=\dimen157
\belowbottomsep=\dimen158
\aboverulesep=\dimen159
\abovetopsep=\dimen160
\cmidrulesep=\dimen161
\cmidrulekern=\dimen162
\defaultaddspace=\dimen163
\@cmidla=\count283
\@cmidlb=\count284
\@aboverulesep=\dimen164
\@belowrulesep=\dimen165
\@thisruleclass=\count285
\@lastruleclass=\count286
\@thisrulewidth=\dimen166
)
(C:\Users\DanYu\AppData\Local\Programs\MiKTeX\tex/latex/amsfonts\amsfonts.sty
Package: amsfonts 2013/01/14 v3.01 Basic AMSFonts support
\@emptytoks=\toks21
\symAMSa=\mathgroup4
\symAMSb=\mathgroup5
LaTeX Font Info:    Redeclaring math symbol \hbar on input line 98.
LaTeX Font Info:    Overwriting math alphabet `\mathfrak' in version `bold'
(Font)                  U/euf/m/n --> U/euf/b/n on input line 106.
)
(C:\Users\DanYu\AppData\Local\Programs\MiKTeX\tex/latex/units\nicefrac.sty
Package: nicefrac 1998/08/04 v0.9b Nice fractions
\L@UnitsRaiseDisplaystyle=\skip63
\L@UnitsRaiseTextstyle=\skip64
\L@UnitsRaiseScriptstyle=\skip65

(C:\Users\DanYu\AppData\Local\Programs\MiKTeX\tex/latex/base\ifthen.sty
Package: ifthen 2024/03/16 v1.1e Standard LaTeX ifthen package (DPC)
))
(C:\Users\DanYu\AppData\Local\Programs\MiKTeX\tex/latex/microtype\microtype.sty
Package: microtype 2024/03/29 v3.1b Micro-typographical refinements (RS)
\MT@toks=\toks22
\MT@tempbox=\box52
\MT@count=\count287
LaTeX Info: Redefining \noprotrusionifhmode on input line 1061.
LaTeX Info: Redefining \leftprotrusion on input line 1062.
\MT@prot@toks=\toks23
LaTeX Info: Redefining \rightprotrusion on input line 1081.
LaTeX Info: Redefining \textls on input line 1392.
\MT@outer@kern=\dimen167
LaTeX Info: Redefining \textmicrotypecontext on input line 2013.
\MT@listname@count=\count288

(C:\Users\DanYu\AppData\Local\Programs\MiKTeX\tex/latex/microtype\microtype-pdf
tex.def
File: microtype-pdftex.def 2024/03/29 v3.1b Definitions specific to pdftex (RS)

LaTeX Info: Redefining \lsstyle on input line 902.
LaTeX Info: Redefining \lslig on input line 902.
\MT@outer@space=\skip66
)
Package microtype Info: Loading configuration file microtype.cfg.

(C:\Users\DanYu\AppData\Local\Programs\MiKTeX\tex/latex/microtype\microtype.cfg
File: microtype.cfg 2024/03/29 v3.1b microtype main configuration file (RS)
))
(C:\Users\DanYu\AppData\Local\Programs\MiKTeX\tex/latex/graphics\graphicx.sty
Package: graphicx 2021/09/16 v1.2d Enhanced LaTeX Graphics (DPC,SPQR)

(C:\Users\DanYu\AppData\Local\Programs\MiKTeX\tex/latex/graphics\graphics.sty
Package: graphics 2024/05/23 v1.4g Standard LaTeX Graphics (DPC,SPQR)

(C:\Users\DanYu\AppData\Local\Programs\MiKTeX\tex/latex/graphics\trig.sty
Package: trig 2023/12/02 v1.11 sin cos tan (DPC)
)
(C:\Users\DanYu\AppData\Local\Programs\MiKTeX\tex/latex/graphics-cfg\graphics.c
fg
File: graphics.cfg 2016/06/04 v1.11 sample graphics configuration
)
Package graphics Info: Driver file: pdftex.def on input line 106.

(C:\Users\DanYu\AppData\Local\Programs\MiKTeX\tex/latex/graphics-def\pdftex.def
File: pdftex.def 2024/04/13 v1.2c Graphics/color driver for pdftex
))
\Gin@req@height=\dimen168
\Gin@req@width=\dimen169
) (C:\Users\DanYu\AppData\Local\Programs\MiKTeX\tex/latex/amsmath\amsmath.sty
Package: amsmath 2024/05/23 v2.17q AMS math features
\@mathmargin=\skip67
For additional information on amsmath, use the `?' option.
(C:\Users\DanYu\AppData\Local\Programs\MiKTeX\tex/latex/amsmath\amstext.sty
Package: amstext 2021/08/26 v2.01 AMS text

(C:\Users\DanYu\AppData\Local\Programs\MiKTeX\tex/latex/amsmath\amsgen.sty
File: amsgen.sty 1999/11/30 v2.0 generic functions
\@emptytoks=\toks24
\ex@=\dimen170
))
(C:\Users\DanYu\AppData\Local\Programs\MiKTeX\tex/latex/amsmath\amsbsy.sty
Package: amsbsy 1999/11/29 v1.2d Bold Symbols
\pmbraise@=\dimen171
)
(C:\Users\DanYu\AppData\Local\Programs\MiKTeX\tex/latex/amsmath\amsopn.sty
Package: amsopn 2022/04/08 v2.04 operator names
)
\inf@bad=\count289
LaTeX Info: Redefining \frac on input line 233.
\uproot@=\count290
\leftroot@=\count291
LaTeX Info: Redefining \overline on input line 398.
LaTeX Info: Redefining \colon on input line 409.
\classnum@=\count292
\DOTSCASE@=\count293
LaTeX Info: Redefining \ldots on input line 495.
LaTeX Info: Redefining \dots on input line 498.
LaTeX Info: Redefining \cdots on input line 619.
\Mathstrutbox@=\box53
\strutbox@=\box54
LaTeX Info: Redefining \big on input line 721.
LaTeX Info: Redefining \Big on input line 722.
LaTeX Info: Redefining \bigg on input line 723.
LaTeX Info: Redefining \Bigg on input line 724.
\big@size=\dimen172
LaTeX Font Info:    Redeclaring font encoding OML on input line 742.
LaTeX Font Info:    Redeclaring font encoding OMS on input line 743.
\macc@depth=\count294
LaTeX Info: Redefining \bmod on input line 904.
LaTeX Info: Redefining \pmod on input line 909.
LaTeX Info: Redefining \smash on input line 939.
LaTeX Info: Redefining \relbar on input line 969.
LaTeX Info: Redefining \Relbar on input line 970.
\c@MaxMatrixCols=\count295
\dotsspace@=\muskip18
\c@parentequation=\count296
\dspbrk@lvl=\count297
\tag@help=\toks25
\row@=\count298
\column@=\count299
\maxfields@=\count300
\andhelp@=\toks26
\eqnshift@=\dimen173
\alignsep@=\dimen174
\tagshift@=\dimen175
\tagwidth@=\dimen176
\totwidth@=\dimen177
\lineht@=\dimen178
\@envbody=\toks27
\multlinegap=\skip68
\multlinetaggap=\skip69
\mathdisplay@stack=\toks28
LaTeX Info: Redefining \[ on input line 2953.
LaTeX Info: Redefining \] on input line 2954.
)
(C:\Users\DanYu\AppData\Local\Programs\MiKTeX\tex/latex/float\float.sty
Package: float 2001/11/08 v1.3d Float enhancements (AL)
\c@float@type=\count301
\float@exts=\toks29
\float@box=\box55
\@float@everytoks=\toks30
\@floatcapt=\box56
)
(C:\Users\DanYu\AppData\Local\Programs\MiKTeX\tex/latex/enumitem\enumitem.sty
Package: enumitem 2019/06/20 v3.9 Customized lists
\labelindent=\skip70
\enit@outerparindent=\dimen179
\enit@toks=\toks31
\enit@inbox=\box57
\enit@count@id=\count302
\enitdp@description=\count303
)
(C:\Users\DanYu\AppData\Local\Programs\MiKTeX\tex/latex/caption\subcaption.sty
Package: subcaption 2023/07/28 v1.6b Sub-captions (AR)

(C:\Users\DanYu\AppData\Local\Programs\MiKTeX\tex/latex/caption\caption.sty
Package: caption 2023/08/05 v3.6o Customizing captions (AR)

(C:\Users\DanYu\AppData\Local\Programs\MiKTeX\tex/latex/caption\caption3.sty
Package: caption3 2023/07/31 v2.4d caption3 kernel (AR)
\caption@tempdima=\dimen180
\captionmargin=\dimen181
\caption@leftmargin=\dimen182
\caption@rightmargin=\dimen183
\caption@width=\dimen184
\caption@indent=\dimen185
\caption@parindent=\dimen186
\caption@hangindent=\dimen187
Package caption Info: Standard document class detected.
)
\c@caption@flags=\count304
\c@continuedfloat=\count305
Package caption Info: float package is loaded.
Package caption Info: hyperref package is loaded.
)
Package caption Info: New subtype `subfigure' on input line 238.
\c@subfigure=\count306
Package caption Info: New subtype `subtable' on input line 238.
\c@subtable=\count307
) (C:\Users\DanYu\AppData\Local\Programs\MiKTeX\tex/latex/biblatex\biblatex.sty
Package: biblatex 2024/03/21 v3.20 programmable bibliographies (PK/MW)

(C:\Users\DanYu\AppData\Local\Programs\MiKTeX\tex/latex/logreq\logreq.sty
Package: logreq 2010/08/04 v1.0 xml request logger
\lrq@indent=\count308

(C:\Users\DanYu\AppData\Local\Programs\MiKTeX\tex/latex/logreq\logreq.def
File: logreq.def 2010/08/04 v1.0 logreq spec v1.0
))
\c@tabx@nest=\count309
\c@listtotal=\count310
\c@listcount=\count311
\c@liststart=\count312
\c@liststop=\count313
\c@citecount=\count314
\c@citetotal=\count315
\c@multicitecount=\count316
\c@multicitetotal=\count317
\c@instcount=\count318
\c@maxnames=\count319
\c@minnames=\count320
\c@maxitems=\count321
\c@minitems=\count322
\c@citecounter=\count323
\c@maxcitecounter=\count324
\c@savedcitecounter=\count325
\c@uniquelist=\count326
\c@uniquename=\count327
\c@refsection=\count328
\c@refsegment=\count329
\c@maxextratitle=\count330
\c@maxextratitleyear=\count331
\c@maxextraname=\count332
\c@maxextradate=\count333
\c@maxextraalpha=\count334
\c@abbrvpenalty=\count335
\c@highnamepenalty=\count336
\c@lownamepenalty=\count337
\c@maxparens=\count338
\c@parenlevel=\count339
\blx@tempcnta=\count340
\blx@tempcntb=\count341
\blx@tempcntc=\count342
\c@blx@maxsection=\count343
\blx@maxsegment@0=\count344
\blx@notetype=\count345
\blx@parenlevel@text=\count346
\blx@parenlevel@foot=\count347
\blx@sectionciteorder@0=\count348
\blx@sectionciteorderinternal@0=\count349
\blx@entrysetcounter=\count350
\blx@biblioinstance=\count351
\labelnumberwidth=\skip71
\labelalphawidth=\skip72
\biblabelsep=\skip73
\bibitemsep=\skip74
\bibnamesep=\skip75
\bibinitsep=\skip76
\bibparsep=\skip77
\bibhang=\skip78
\blx@bcfin=\read2
\blx@bcfout=\write3
\blx@langwohyphens=\language79
\c@mincomprange=\count352
\c@maxcomprange=\count353
\c@mincompwidth=\count354
Package biblatex Info: Trying to load biblatex default data model...
Package biblatex Info: ... file 'blx-dm.def' found.

(C:\Users\DanYu\AppData\Local\Programs\MiKTeX\tex/latex/biblatex\blx-dm.def
File: blx-dm.def 2024/03/21 v3.20 biblatex datamodel (PK/MW)
)
Package biblatex Info: Trying to load biblatex style data model...
Package biblatex Info: ... file 'authoryear.dbx' not found.
Package biblatex Info: Trying to load biblatex custom data model...
Package biblatex Info: ... file 'biblatex-dm.cfg' not found.
\c@afterword=\count355
\c@savedafterword=\count356
\c@annotator=\count357
\c@savedannotator=\count358
\c@author=\count359
\c@savedauthor=\count360
\c@bookauthor=\count361
\c@savedbookauthor=\count362
\c@commentator=\count363
\c@savedcommentator=\count364
\c@editor=\count365
\c@savededitor=\count366
\c@editora=\count367
\c@savededitora=\count368
\c@editorb=\count369
\c@savededitorb=\count370
\c@editorc=\count371
\c@savededitorc=\count372
\c@foreword=\count373
\c@savedforeword=\count374
\c@holder=\count375
\c@savedholder=\count376
\c@introduction=\count377
\c@savedintroduction=\count378
\c@namea=\count379
\c@savednamea=\count380
\c@nameb=\count381
\c@savednameb=\count382
\c@namec=\count383
\c@savednamec=\count384
\c@translator=\count385
\c@savedtranslator=\count386
\c@shortauthor=\count387
\c@savedshortauthor=\count388
\c@shorteditor=\count389
\c@savedshorteditor=\count390
\c@labelname=\count391
\c@savedlabelname=\count392
\c@institution=\count393
\c@savedinstitution=\count394
\c@lista=\count395
\c@savedlista=\count396
\c@listb=\count397
\c@savedlistb=\count398
\c@listc=\count399
\c@savedlistc=\count400
\c@listd=\count401
\c@savedlistd=\count402
\c@liste=\count403
\c@savedliste=\count404
\c@listf=\count405
\c@savedlistf=\count406
\c@location=\count407
\c@savedlocation=\count408
\c@organization=\count409
\c@savedorganization=\count410
\c@origlocation=\count411
\c@savedoriglocation=\count412
\c@origpublisher=\count413
\c@savedorigpublisher=\count414
\c@publisher=\count415
\c@savedpublisher=\count416
\c@language=\count417
\c@savedlanguage=\count418
\c@origlanguage=\count419
\c@savedoriglanguage=\count420
\c@pageref=\count421
\c@savedpageref=\count422
\shorthandwidth=\skip79
\shortjournalwidth=\skip80
\shortserieswidth=\skip81
\shorttitlewidth=\skip82
\shortauthorwidth=\skip83
\shorteditorwidth=\skip84
\locallabelnumberwidth=\skip85
\locallabelalphawidth=\skip86
\localshorthandwidth=\skip87
\localshortjournalwidth=\skip88
\localshortserieswidth=\skip89
\localshorttitlewidth=\skip90
\localshortauthorwidth=\skip91
\localshorteditorwidth=\skip92
Package biblatex Info: Trying to load compatibility code...
Package biblatex Info: ... file 'blx-compat.def' found.

(C:\Users\DanYu\AppData\Local\Programs\MiKTeX\tex/latex/biblatex\blx-compat.def
File: blx-compat.def 2024/03/21 v3.20 biblatex compatibility (PK/MW)
)
Package biblatex Info: Trying to load generic definitions...
Package biblatex Info: ... file 'biblatex.def' found.
 (C:\Users\DanYu\AppData\Local\Programs\MiKTeX\tex/latex/biblatex\biblatex.def
File: biblatex.def 2024/03/21 v3.20 biblatex compatibility (PK/MW)
\c@textcitecount=\count423
\c@textcitetotal=\count424
\c@textcitemaxnames=\count425
\c@biburlbigbreakpenalty=\count426
\c@biburlbreakpenalty=\count427
\c@biburlnumpenalty=\count428
\c@biburlucpenalty=\count429
\c@biburllcpenalty=\count430
\biburlbigskip=\muskip19
\biburlnumskip=\muskip20
\biburlucskip=\muskip21
\biburllcskip=\muskip22
\c@smartand=\count431
)
Package biblatex Info: Trying to load bibliography style 'authoryear'...
Package biblatex Info: ... file 'authoryear.bbx' found.

(C:\Users\DanYu\AppData\Local\Programs\MiKTeX\tex/latex/biblatex/bbx\authoryear
.bbx
File: authoryear.bbx 2024/03/21 v3.20 biblatex bibliography style (PK/MW)
Package biblatex Info: Trying to load bibliography style 'standard'...
Package biblatex Info: ... file 'standard.bbx' found.

(C:\Users\DanYu\AppData\Local\Programs\MiKTeX\tex/latex/biblatex/bbx\standard.b
bx
File: standard.bbx 2024/03/21 v3.20 biblatex bibliography style (PK/MW)
\c@bbx:relatedcount=\count432
\c@bbx:relatedtotal=\count433
))
Package biblatex Info: Trying to load citation style 'authoryear'...
Package biblatex Info: ... file 'authoryear.cbx' found.

(C:\Users\DanYu\AppData\Local\Programs\MiKTeX\tex/latex/biblatex/cbx\authoryear
.cbx
File: authoryear.cbx 2024/03/21 v3.20 biblatex citation style (PK/MW)
Package biblatex Info: Redefining '\cite'.
Package biblatex Info: Redefining '\parencite'.
Package biblatex Info: Redefining '\footcite'.
Package biblatex Info: Redefining '\footcitetext'.
Package biblatex Info: Redefining '\smartcite'.
Package biblatex Info: Redefining '\textcite'.
Package biblatex Info: Redefining '\textcites'.
)
Package biblatex Info: Trying to load configuration file...
Package biblatex Info: ... file 'biblatex.cfg' found.

(C:\Users\DanYu\AppData\Local\Programs\MiKTeX\tex/latex/biblatex\biblatex.cfg
File: biblatex.cfg 
)
Package biblatex Info: Input encoding 'utf8' detected.
Package biblatex Info: Document encoding is UTF8 ....

(C:\Users\DanYu\AppData\Local\Programs\MiKTeX\tex/latex/l3kernel\expl3.sty
Package: expl3 2024-10-09 L3 programming layer (loader) 

(C:\Users\DanYu\AppData\Local\Programs\MiKTeX\tex/latex/l3backend\l3backend-pdf
tex.def
File: l3backend-pdftex.def 2024-05-08 L3 backend support: PDF output (pdfTeX)
\l__color_backend_stack_int=\count434
\l__pdf_internal_box=\box58
))
Package biblatex Info: ... and expl3
(biblatex)             2024-10-09 L3 programming layer (loader) 
(biblatex)             is new enough (at least 2020/04/06),
(biblatex)             setting 'casechanger=expl3'.

(C:\Users\DanYu\AppData\Local\Programs\MiKTeX\tex/latex/biblatex\blx-case-expl3
.sty
(C:\Users\DanYu\AppData\Local\Programs\MiKTeX\tex/latex/l3packages/xparse\xpars
e.sty
Package: xparse 2024-08-16 L3 Experimental document command parser
)
Package: blx-case-expl3 2024/03/21 v3.20 expl3 case changing code for biblatex
))
\cslhangindent=\skip93
\csllabelwidth=\skip94
\cslentryspacingunit=\skip95
 (C:\Users\DanYu\AppData\Local\Programs\MiKTeX\tex/latex/tools\calc.sty
Package: calc 2023/07/08 v4.3 Infix arithmetic (KKT,FJ)
\calc@Acount=\count435
\calc@Bcount=\count436
\calc@Adimen=\dimen188
\calc@Bdimen=\dimen189
\calc@Askip=\skip96
\calc@Bskip=\skip97
LaTeX Info: Redefining \setlength on input line 80.
LaTeX Info: Redefining \addtolength on input line 81.
\calc@Ccount=\count437
\calc@Cskip=\skip98
)
\@quotelevel=\count438
\@quotereset=\count439
LaTeX Font Info:    Trying to load font information for T1+lmr on input line 95
.
 (C:\Users\DanYu\AppData\Local\Programs\MiKTeX\tex/latex/lm\t1lmr.fd
File: t1lmr.fd 2015/05/01 v1.6.1 Font defs for Latin Modern
)
(ReplicationProjectTemplate.aux

LaTeX Warning: Label `fig:example' multiply defined.


LaTeX Warning: Label `fig:example' multiply defined.


LaTeX Warning: Label `fig:example' multiply defined.


LaTeX Warning: Label `fig:example' multiply defined.


LaTeX Warning: Label `fig:example' multiply defined.


LaTeX Warning: Label `fig:example' multiply defined.


LaTeX Warning: Label `fig:example' multiply defined.


LaTeX Warning: Label `fig:example' multiply defined.


LaTeX Warning: Label `fig:example' multiply defined.


LaTeX Warning: Label `fig:example' multiply defined.


LaTeX Warning: Label `fig:example' multiply defined.

)
\openout1 = `ReplicationProjectTemplate.aux'.

LaTeX Font Info:    Checking defaults for OML/cmm/m/it on input line 95.
LaTeX Font Info:    ... okay on input line 95.
LaTeX Font Info:    Checking defaults for OMS/cmsy/m/n on input line 95.
LaTeX Font Info:    ... okay on input line 95.
LaTeX Font Info:    Checking defaults for OT1/cmr/m/n on input line 95.
LaTeX Font Info:    ... okay on input line 95.
LaTeX Font Info:    Checking defaults for T1/cmr/m/n on input line 95.
LaTeX Font Info:    ... okay on input line 95.
LaTeX Font Info:    Checking defaults for TS1/cmr/m/n on input line 95.
LaTeX Font Info:    ... okay on input line 95.
LaTeX Font Info:    Checking defaults for OMX/cmex/m/n on input line 95.
LaTeX Font Info:    ... okay on input line 95.
LaTeX Font Info:    Checking defaults for U/cmr/m/n on input line 95.
LaTeX Font Info:    ... okay on input line 95.
LaTeX Font Info:    Checking defaults for PD1/pdf/m/n on input line 95.
LaTeX Font Info:    ... okay on input line 95.
LaTeX Font Info:    Checking defaults for PU/pdf/m/n on input line 95.
LaTeX Font Info:    ... okay on input line 95.

*geometry* driver: auto-detecting
*geometry* detected driver: pdftex
*geometry* verbose mode - [ preamble ] result:
* driver: pdftex
* paper: letterpaper
* layout: <same size as paper>
* layoutoffset:(h,v)=(0.0pt,0.0pt)
* modes: 
* h-part:(L,W,R)=(92.14519pt, 430.00462pt, 92.14519pt)
* v-part:(T,H,B)=(95.39737pt, 556.47656pt, 143.09605pt)
* \paperwidth=614.295pt
* \paperheight=794.96999pt
* \textwidth=430.00462pt
* \textheight=556.47656pt
* \oddsidemargin=19.8752pt
* \evensidemargin=19.8752pt
* \topmargin=-13.87262pt
* \headheight=12.0pt
* \headsep=25.0pt
* \topskip=10.0pt
* \footskip=30.0pt
* \marginparwidth=65.0pt
* \marginparsep=11.0pt
* \columnsep=10.0pt
* \skip\footins=9.0pt plus 4.0pt minus 2.0pt
* \hoffset=0.0pt
* \voffset=0.0pt
* \mag=1000
* \@twocolumnfalse
* \@twosidefalse
* \@mparswitchfalse
* \@reversemarginfalse
* (1in=72.27pt=25.4mm, 1cm=28.453pt)

*geometry* verbose mode - [ newgeometry ] result:
* driver: pdftex
* paper: letterpaper
* layout: <same size as paper>
* layoutoffset:(h,v)=(0.0pt,0.0pt)
* modes: 
* h-part:(L,W,R)=(72.27pt, 469.75499pt, 72.27pt)
* v-part:(T,H,B)=(72.26999pt, 650.43pt, 72.27pt)
* \paperwidth=614.295pt
* \paperheight=794.96999pt
* \textwidth=469.75499pt
* \textheight=650.43pt
* \oddsidemargin=0.00002pt
* \evensidemargin=0.00002pt
* \topmargin=-39.0pt
* \headheight=14.0pt
* \headsep=25.0pt
* \topskip=10.0pt
* \footskip=30.0pt
* \marginparwidth=65.0pt
* \marginparsep=11.0pt
* \columnsep=10.0pt
* \skip\footins=9.0pt plus 4.0pt minus 2.0pt
* \hoffset=0.0pt
* \voffset=0.0pt
* \mag=1000
* \@twocolumnfalse
* \@twosidefalse
* \@mparswitchfalse
* \@reversemarginfalse
* (1in=72.27pt=25.4mm, 1cm=28.453pt)

Package hyperref Info: Link coloring OFF on input line 95.
(ReplicationProjectTemplate.out) (ReplicationProjectTemplate.out)
\@outlinefile=\write4
\openout4 = `ReplicationProjectTemplate.out'.

LaTeX Info: Redefining \microtypecontext on input line 95.
Package microtype Info: Applying patch `item' on input line 95.
Package microtype Info: Applying patch `toc' on input line 95.
Package microtype Info: Applying patch `eqnum' on input line 95.
Package microtype Info: Applying patch `footnote' on input line 95.
Package microtype Info: Applying patch `verbatim' on input line 95.
Package microtype Info: Generating PDF output.
Package microtype Info: Character protrusion enabled (level 2).
Package microtype Info: Using default protrusion set `alltext'.
Package microtype Info: Automatic font expansion enabled (level 2),
(microtype)             stretch: 20, shrink: 20, step: 1, non-selected.
Package microtype Info: Using default expansion set `alltext-nott'.
LaTeX Info: Redefining \showhyphens on input line 95.
Package microtype Info: No adjustment of tracking.
Package microtype Info: No adjustment of interword spacing.
Package microtype Info: No adjustment of character kerning.

(C:\Users\DanYu\AppData\Local\Programs\MiKTeX\tex/latex/microtype\mt-cmr.cfg
File: mt-cmr.cfg 2013/05/19 v2.2 microtype config. file: Computer Modern Roman 
(RS)
)
(C:\Users\DanYu\AppData\Local\Programs\MiKTeX\tex/context/base/mkii\supp-pdf.mk
ii
[Loading MPS to PDF converter (version 2006.09.02).]
\scratchcounter=\count440
\scratchdimen=\dimen190
\scratchbox=\box59
\nofMPsegments=\count441
\nofMParguments=\count442
\everyMPshowfont=\toks32
\MPscratchCnt=\count443
\MPscratchDim=\dimen191
\MPnumerator=\count444
\makeMPintoPDFobject=\count445
\everyMPtoPDFconversion=\toks33
)
(C:\Users\DanYu\AppData\Local\Programs\MiKTeX\tex/latex/epstopdf-pkg\epstopdf-b
ase.sty
Package: epstopdf-base 2020-01-24 v2.11 Base part for package epstopdf
Package epstopdf-base Info: Redefining graphics rule for `.eps' on input line 4
85.

(C:\Users\DanYu\AppData\Local\Programs\MiKTeX\tex/latex/00miktex\epstopdf-sys.c
fg
File: epstopdf-sys.cfg 2021/03/18 v2.0 Configuration of epstopdf for MiKTeX
))
Package caption Info: Begin \AtBeginDocument code.
Package caption Info: End \AtBeginDocument code.
Package biblatex Info: Trying to load language 'english'...
Package biblatex Info: ... file 'english.lbx' found.

(C:\Users\DanYu\AppData\Local\Programs\MiKTeX\tex/latex/biblatex/lbx\english.lb
x
File: english.lbx 2024/03/21 v3.20 biblatex localization (PK/MW)
)
Package biblatex Info: Input encoding 'utf8' detected.
Package biblatex Info: Automatic encoding selection.
(biblatex)             Assuming data encoding 'utf8'.
\openout3 = `ReplicationProjectTemplate.bcf'.

Package biblatex Info: Trying to load bibliographic data...
Package biblatex Info: ... file 'ReplicationProjectTemplate.bbl' found.
 (ReplicationProjectTemplate.bbl)
Package biblatex Info: Reference section=0 on input line 95.
Package biblatex Info: Reference segment=0 on input line 95.
Package microtype Info: Character `029' is missing
(microtype)             in font `T1/lmr/m/sc/17.28'.
(microtype)             Ignoring protrusion settings for this character.
Package microtype Info: Character `029' is missing
(microtype)             in font `T1/lmr/m/sc/10'.
(microtype)             Ignoring protrusion settings for this character.
LaTeX Font Info:    Trying to load font information for OT1+lmr on input line 9
7.

(C:\Users\DanYu\AppData\Local\Programs\MiKTeX\tex/latex/lm\ot1lmr.fd
File: ot1lmr.fd 2015/05/01 v1.6.1 Font defs for Latin Modern
)
LaTeX Font Info:    Trying to load font information for OML+lmm on input line 9
7.

(C:\Users\DanYu\AppData\Local\Programs\MiKTeX\tex/latex/lm\omllmm.fd
File: omllmm.fd 2015/05/01 v1.6.1 Font defs for Latin Modern
)
LaTeX Font Info:    Trying to load font information for OMS+lmsy on input line 
97.

(C:\Users\DanYu\AppData\Local\Programs\MiKTeX\tex/latex/lm\omslmsy.fd
File: omslmsy.fd 2015/05/01 v1.6.1 Font defs for Latin Modern
)
LaTeX Font Info:    Trying to load font information for OMX+lmex on input line 
97.

(C:\Users\DanYu\AppData\Local\Programs\MiKTeX\tex/latex/lm\omxlmex.fd
File: omxlmex.fd 2015/05/01 v1.6.1 Font defs for Latin Modern
)
LaTeX Font Info:    External font `lmex10' loaded for size
(Font)              <10> on input line 97.
LaTeX Font Info:    External font `lmex10' loaded for size
(Font)              <7> on input line 97.
LaTeX Font Info:    External font `lmex10' loaded for size
(Font)              <5> on input line 97.
LaTeX Font Info:    Trying to load font information for U+msa on input line 97.


(C:\Users\DanYu\AppData\Local\Programs\MiKTeX\tex/latex/amsfonts\umsa.fd
File: umsa.fd 2013/01/14 v3.01 AMS symbols A
)
(C:\Users\DanYu\AppData\Local\Programs\MiKTeX\tex/latex/microtype\mt-msa.cfg
File: mt-msa.cfg 2006/02/04 v1.1 microtype config. file: AMS symbols (a) (RS)
)
LaTeX Font Info:    Trying to load font information for U+msb on input line 97.


(C:\Users\DanYu\AppData\Local\Programs\MiKTeX\tex/latex/amsfonts\umsb.fd
File: umsb.fd 2013/01/14 v3.01 AMS symbols B
)
(C:\Users\DanYu\AppData\Local\Programs\MiKTeX\tex/latex/microtype\mt-msb.cfg
File: mt-msb.cfg 2005/06/01 v1.0 microtype config. file: AMS symbols (b) (RS)
)
LaTeX Font Info:    Trying to load font information for T1+lmtt on input line 9
7.

(C:\Users\DanYu\AppData\Local\Programs\MiKTeX\tex/latex/lm\t1lmtt.fd
File: t1lmtt.fd 2015/05/01 v1.6.1 Font defs for Latin Modern
)
LaTeX Font Info:    Font shape `T1/lmtt/bx/n' in size <9> not available
(Font)              Font shape `T1/lmtt/b/n' tried instead on input line 97.
Package microtype Info: Loading generic protrusion settings for font family
(microtype)             `lmtt' (encoding: T1).
(microtype)             For optimal results, create family-specific settings.
(microtype)             See the microtype manual for details.
LaTeX Font Info:    External font `lmex10' loaded for size
(Font)              <9> on input line 97.
LaTeX Font Info:    External font `lmex10' loaded for size
(Font)              <6> on input line 97.

Overfull \hbox (7.70332pt too wide) in paragraph at lines 97--97
 [][] 
 []


LaTeX Font Warning: Font shape `T1/lmr/bx/sc' undefined
(Font)              using `T1/lmr/bx/n' instead on input line 99.



[1


{C:/Users/DanYu/AppData/Local/MiKTeX/fonts/map/pdftex/pdftex.map}{C:/Users/DanY
u/AppData/Local/Programs/MiKTeX/fonts/enc/dvips/lm/lm-ec.enc}{C:/Users/DanYu/Ap
pData/Local/Programs/MiKTeX/fonts/enc/dvips/lm/lm-mathsy.enc}]
Underfull \vbox (badness 10000) has occurred while \output is active []



[2]
Underfull \vbox (badness 10000) has occurred while \output is active []



[3]
Underfull \hbox (badness 1226) in paragraph at lines 209--210
[]\T1/lmr/m/n/10 (+20) The re-gres-sion co-ef-fi-cient of $\OML/lmm/m/it/10 ^^L
[]$ \T1/lmr/m/n/10 (+20) in $\OML/lmm/m/it/10 R[] \OMS/lmsy/m/n/10 ^^@ \OML/lmm
/m/it/10 R[] \OT1/lmr/m/n/10 (+20) = \OML/lmm/m/it/10 [] \OT1/lmr/m/n/10 (+20)
 +
 []


LaTeX Warning: `h' float specifier changed to `ht'.

<2.png, id=105, 555.07375pt x 289.08pt>
File: 2.png Graphic file (type png)
<use 2.png>
Package pdftex.def Info: 2.png  used on input line 226.
(pdftex.def)             Requested size: 328.82706pt x 171.25266pt.


[4{C:/Users/DanYu/AppData/Local/Programs/MiKTeX/fonts/enc/dvips/lm/lm-rm.enc} <
./2.png>]
<3.png, id=117, 469.755pt x 259.97125pt>
File: 3.png Graphic file (type png)
<use 3.png>
Package pdftex.def Info: 3.png  used on input line 239.
(pdftex.def)             Requested size: 328.82706pt x 181.97862pt.


LaTeX Warning: `h' float specifier changed to `ht'.

<4.png, id=120, 485.815pt x 344.28625pt>
File: 4.png Graphic file (type png)
<use 4.png>
Package pdftex.def Info: 4.png  used on input line 251.
(pdftex.def)             Requested size: 328.82706pt x 233.02934pt.

LaTeX Warning: `h' float specifier changed to `ht'.

<5.png, id=121, 484.81125pt x 343.2825pt>
File: 5.png Graphic file (type png)
<use 5.png>
Package pdftex.def Info: 5.png  used on input line 257.
(pdftex.def)             Requested size: 328.82706pt x 232.84758pt.

LaTeX Warning: `h' float specifier changed to `ht'.



[5{C:/Users/DanYu/AppData/Local/Programs/MiKTeX/fonts/enc/dvips/lm/lm-mathit.en
c}{C:/Users/DanYu/AppData/Local/Programs/MiKTeX/fonts/enc/dvips/lm/lm-mathex.en
c}]
<6.png, id=137, 556.0775pt x 250.9375pt>
File: 6.png Graphic file (type png)
<use 6.png>
Package pdftex.def Info: 6.png  used on input line 271.
(pdftex.def)             Requested size: 328.82706pt x 148.38878pt.


LaTeX Warning: `h' float specifier changed to `ht'.

<7.png, id=138, 329.23pt x 120.45pt>
File: 7.png Graphic file (type png)
<use 7.png>
Package pdftex.def Info: 7.png  used on input line 277.
(pdftex.def)             Requested size: 234.87749pt x 85.93178pt.

LaTeX Warning: `h' float specifier changed to `ht'.


Underfull \vbox (badness 10000) has occurred while \output is active []



[6 <./3.png> <./4.png>]
<8.png, id=147, 556.0775pt x 231.86626pt>
File: 8.png Graphic file (type png)
<use 8.png>
Package pdftex.def Info: 8.png  used on input line 289.
(pdftex.def)             Requested size: 375.80542pt x 156.70108pt.
<9.png, id=148, 556.0775pt x 413.545pt>
File: 9.png Graphic file (type png)
<use 9.png>
Package pdftex.def Info: 9.png  used on input line 294.
(pdftex.def)             Requested size: 328.82706pt x 244.54472pt.

Underfull \vbox (badness 10000) has occurred while \output is active []



[7 <./5.png> <./6.png>]
<10.png, id=157, 556.0775pt x 390.45876pt>
File: 10.png Graphic file (type png)
<use 10.png>
Package pdftex.def Info: 10.png  used on input line 300.
(pdftex.def)             Requested size: 328.82706pt x 230.89296pt.

Underfull \vbox (badness 10000) has occurred while \output is active []



[8 <./7.png> <./8.png> <./9.png>]
<11.png, id=168, 907.39pt x 797.98125pt>
File: 11.png Graphic file (type png)
<use 11.png>
Package pdftex.def Info: 11.png  used on input line 323.
(pdftex.def)             Requested size: 328.82706pt x 289.17252pt.

Underfull \vbox (badness 10000) has occurred while \output is active []



[9 <./10.png>]
<12.png, id=178, 778.91pt x 924.45375pt>
File: 12.png Graphic file (type png)
<use 12.png>
Package pdftex.def Info: 12.png  used on input line 339.
(pdftex.def)             Requested size: 328.82706pt x 390.27098pt.

Underfull \vbox (badness 10000) has occurred while \output is active []



[10 <./11.png>]
LaTeX Font Info:    Trying to load font information for TS1+lmr on input line 3
51.

(C:\Users\DanYu\AppData\Local\Programs\MiKTeX\tex/latex/lm\ts1lmr.fd
File: ts1lmr.fd 2015/05/01 v1.6.1 Font defs for Latin Modern
)

[11{C:/Users/DanYu/AppData/Local/Programs/MiKTeX/fonts/enc/dvips/lm/lm-ts1.enc}
 <./12.png>]
<21.png, id=195, 444.15938pt x 173.64874pt>
File: 21.png Graphic file (type png)
<use 21.png>
Package pdftex.def Info: 21.png  used on input line 413.
(pdftex.def)             Requested size: 328.82706pt x 128.55634pt.
<22.png, id=196, 394.47375pt x 233.87375pt>
File: 22.png Graphic file (type png)
<use 22.png>
Package pdftex.def Info: 22.png  used on input line 414.
(pdftex.def)             Requested size: 328.82706pt x 194.95377pt.
<23.png, id=197, 363.3575pt x 92.345pt>
File: 23.png Graphic file (type png)
<use 23.png>
Package pdftex.def Info: 23.png  used on input line 415.
(pdftex.def)             Requested size: 328.82706pt x 83.57188pt.
<24.png, id=198, 367.3725pt x 114.4275pt>
File: 24.png Graphic file (type png)
<use 24.png>
Package pdftex.def Info: 24.png  used on input line 416.
(pdftex.def)             Requested size: 328.82706pt x 102.42856pt.


[12]
<15.png, id=207, 556.0775pt x 194.7275pt>
File: 15.png Graphic file (type png)
<use 15.png>
Package pdftex.def Info: 15.png  used on input line 430.
(pdftex.def)             Requested size: 281.85585pt x 98.70058pt.

Underfull \vbox (badness 10000) has occurred while \output is active []



[13 <./21.png> <./22.png> <./23.png> <./24.png>]
<19.png, id=219, 1342.51563pt x 286.06876pt>
File: 19.png Graphic file (type png)
<use 19.png>
Package pdftex.def Info: 19.png  used on input line 441.
(pdftex.def)             Requested size: 422.77661pt x 90.08594pt.
<20.png, id=220, 256.45813pt x 84.315pt>
File: 20.png Graphic file (type png)
<use 20.png>
Package pdftex.def Info: 20.png  used on input line 450.
(pdftex.def)             Requested size: 281.85585pt x 92.67085pt.
<25.png, id=221, 578.66188pt x 399.4925pt>
File: 25.png Graphic file (type png)
<use 25.png>
Package pdftex.def Info: 25.png  used on input line 460.
(pdftex.def)             Requested size: 211.3883pt x 145.9324pt.
<26.png, id=222, 590.205pt x 404.00937pt>
File: 26.png Graphic file (type png)
<use 26.png>
Package pdftex.def Info: 26.png  used on input line 467.
(pdftex.def)             Requested size: 211.3883pt x 144.69733pt.
<27.png, id=223, 593.21625pt x 406.51875pt>
File: 27.png Graphic file (type png)
<use 27.png>
Package pdftex.def Info: 27.png  used on input line 474.
(pdftex.def)             Requested size: 211.3883pt x 144.85791pt.
<28.png, id=224, 584.68437pt x 405.515pt>
File: 28.png Graphic file (type png)
<use 28.png>
Package pdftex.def Info: 28.png  used on input line 481.
(pdftex.def)             Requested size: 211.3883pt x 146.61023pt.
<29.png, id=225, 583.17876pt x 407.02063pt>
File: 29.png Graphic file (type png)
<use 29.png>
Package pdftex.def Info: 29.png  used on input line 488.
(pdftex.def)             Requested size: 211.3883pt x 147.53343pt.
<30.png, id=226, 584.1825pt x 391.4625pt>
File: 30.png Graphic file (type png)
<use 30.png>
Package pdftex.def Info: 30.png  used on input line 495.
(pdftex.def)             Requested size: 211.3883pt x 141.64914pt.
<31.png, id=227, 584.1825pt x 404.00937pt>
File: 31.png Graphic file (type png)
<use 31.png>
Package pdftex.def Info: 31.png  used on input line 502.
(pdftex.def)             Requested size: 211.3883pt x 146.18918pt.
<32.png, id=228, 585.68813pt x 405.515pt>
File: 32.png Graphic file (type png)
<use 32.png>
Package pdftex.def Info: 32.png  used on input line 509.
(pdftex.def)             Requested size: 211.3883pt x 146.36272pt.

Underfull \vbox (badness 10000) has occurred while \output is active []



[14 <./15.png> <./19.png> <./20.png>]
Overfull \vbox (20.95877pt too high) has occurred while \output is active []



[15 <./25.png> <./26.png> <./27.png> <./28.png> <./29.png> <./30.png> <./31.png
> <./32.png>]
<16.png, id=253, 555.07375pt x 380.42125pt>
File: 16.png Graphic file (type png)
<use 16.png>
Package pdftex.def Info: 16.png  used on input line 522.
(pdftex.def)             Requested size: 375.80542pt x 257.5627pt.
<17.png, id=254, 556.0775pt x 205.76875pt>
File: 17.png Graphic file (type png)
<use 17.png>
Package pdftex.def Info: 17.png  used on input line 541.
(pdftex.def)             Requested size: 328.82706pt x 121.6788pt.

Underfull \vbox (badness 7558) has occurred while \output is active []



[16 <./16.png>]

[17 <./17.png>]

[18]
<cc_by_88x31.png, id=274, 88.33pt x 31.11626pt>
File: cc_by_88x31.png Graphic file (type png)
<use cc_by_88x31.png>
Package pdftex.def Info: cc_by_88x31.png  used on input line 593.
(pdftex.def)             Requested size: 88.32977pt x 31.11617pt.


[19 <./cc_by_88x31.png>] (ReplicationProjectTemplate.aux)
 ***********
LaTeX2e <2024-06-01> patch level 2
L3 programming layer <2024-10-09>
 ***********


LaTeX Font Warning: Some font shapes were not available, defaults substituted.


LaTeX Warning: There were multiply-defined labels.

Package rerunfilecheck Info: File `ReplicationProjectTemplate.out' has not chan
ged.
(rerunfilecheck)             Checksum: CBB9B9BFC057BAE0A17D2D2EEFAA37D2;2622.
Package logreq Info: Writing requests to 'ReplicationProjectTemplate.run.xml'.
\openout1 = `ReplicationProjectTemplate.run.xml'.

 ) 
Here is how much of TeX's memory you used:
 22309 strings out of 473897
 394688 string characters out of 5726461
 1248873 words of memory out of 5000000
 44618 multiletter control sequences out of 15000+600000
 630788 words of font info for 175 fonts, out of 8000000 for 9000
 1141 hyphenation exceptions out of 8191
 75i,12n,81p,1768b,1354s stack positions out of 10000i,1000n,20000p,200000b,200000s
<C:/Users/DanYu/AppData/Local/Programs/MiKTeX/fonts/type1/public/lm/lmbx10.pf
b><C:/Users/DanYu/AppData/Local/Programs/MiKTeX/fonts/type1/public/lm/lmbx12.pf
b><C:/Users/DanYu/AppData/Local/Programs/MiKTeX/fonts/type1/public/lm/lmbx9.pfb
><C:/Users/DanYu/AppData/Local/Programs/MiKTeX/fonts/type1/public/lm/lmbxi10.pf
b><C:/Users/DanYu/AppData/Local/Programs/MiKTeX/fonts/type1/public/lm/lmcsc10.p
fb><C:/Users/DanYu/AppData/Local/Programs/MiKTeX/fonts/type1/public/lm/lmex10.p
fb><C:/Users/DanYu/AppData/Local/Programs/MiKTeX/fonts/type1/public/lm/lmmi10.p
fb><C:/Users/DanYu/AppData/Local/Programs/MiKTeX/fonts/type1/public/lm/lmmi7.pf
b><C:/Users/DanYu/AppData/Local/Programs/MiKTeX/fonts/type1/public/lm/lmr10.pfb
><C:/Users/DanYu/AppData/Local/Programs/MiKTeX/fonts/type1/public/lm/lmr5.pfb><
C:/Users/DanYu/AppData/Local/Programs/MiKTeX/fonts/type1/public/lm/lmr7.pfb><C:
/Users/DanYu/AppData/Local/Programs/MiKTeX/fonts/type1/public/lm/lmr9.pfb><C:/U
sers/DanYu/AppData/Local/Programs/MiKTeX/fonts/type1/public/lm/lmri10.pfb><C:/U
sers/DanYu/AppData/Local/Programs/MiKTeX/fonts/type1/public/lm/lmsy10.pfb><C:/U
sers/DanYu/AppData/Local/Programs/MiKTeX/fonts/type1/public/lm/lmsy7.pfb><C:/Us
ers/DanYu/AppData/Local/Programs/MiKTeX/fonts/type1/public/lm/lmtk10.pfb><C:/Us
ers/DanYu/AppData/Local/Programs/MiKTeX/fonts/type1/public/lm/lmtt10.pfb>
Output written on ReplicationProjectTemplate.pdf (19 pages, 1868885 bytes).
PDF statistics:
 440 PDF objects out of 1000 (max. 8388607)
 96 named destinations out of 1000 (max. 500000)
 40226 words of extra memory for PDF output out of 42996 (max. 10000000)

